c:\users\dorta\desktop\facebook\facebook\debug\vc140.pdb
c:\users\dorta\desktop\facebook\facebook\debug\vc140.idb
c:\users\dorta\desktop\facebook\facebook\debug\board.obj
c:\users\dorta\desktop\facebook\facebook\debug\date.obj
c:\users\dorta\desktop\facebook\facebook\debug\entity.obj
c:\users\dorta\desktop\facebook\facebook\debug\facebook.obj
c:\users\dorta\desktop\facebook\facebook\debug\fanpage.obj
c:\users\dorta\desktop\facebook\facebook\debug\image.obj
c:\users\dorta\desktop\facebook\facebook\debug\imageandtext.obj
c:\users\dorta\desktop\facebook\facebook\debug\main.obj
c:\users\dorta\desktop\facebook\facebook\debug\member.obj
c:\users\dorta\desktop\facebook\facebook\debug\player.obj
c:\users\dorta\desktop\facebook\facebook\debug\status.obj
c:\users\dorta\desktop\facebook\facebook\debug\text.obj
c:\users\dorta\desktop\facebook\facebook\debug\utilities.obj
c:\users\dorta\desktop\facebook\facebook\debug\video.obj
c:\users\dorta\desktop\facebook\facebook\debug\videoandtext.obj
c:\users\dorta\desktop\facebook\facebook\debug\viewer.obj
c:\users\dorta\desktop\facebook\debug\facebook.ilk
c:\users\dorta\desktop\facebook\debug\facebook.exe
c:\users\dorta\desktop\facebook\debug\facebook.pdb
c:\users\dorta\desktop\facebook\facebook\debug\facebook.tlog\cl.command.1.tlog
c:\users\dorta\desktop\facebook\facebook\debug\facebook.tlog\cl.read.1.tlog
c:\users\dorta\desktop\facebook\facebook\debug\facebook.tlog\cl.write.1.tlog
c:\users\dorta\desktop\facebook\facebook\debug\facebook.tlog\link.command.1.tlog
c:\users\dorta\desktop\facebook\facebook\debug\facebook.tlog\link.read.1.tlog
c:\users\dorta\desktop\facebook\facebook\debug\facebook.tlog\link.write.1.tlog
